<!DOCTYPE html PUBLIC "-//W3C//DTD XHTML 1.1//EN" "http://www.w3.org/TR/xhtml11/DTD/xhtml11.dtd">
<html xmlns="http://www.w3.org/1999/xhtml"><head><title>TestNG Report</title><style type="text/css">table {margin-bottom:10px;border-collapse:collapse;empty-cells:show}th,td {border:1px solid #009;padding:.25em .5em}th {vertical-align:bottom}td {vertical-align:top}table a {font-weight:bold}.stripe td {background-color: #E6EBF9}.num {text-align:right}.passedodd td {background-color: #3F3}.passedeven td {background-color: #0A0}.skippedodd td {background-color: #DDD}.skippedeven td {background-color: #CCC}.failedodd td,.attn {background-color: #F33}.failedeven td,.stripe .attn {background-color: #D00}.stacktrace {white-space:pre;font-family:monospace}.totop {font-size:85%;text-align:center;border-bottom:2px solid #000}</style></head><body><table><tr><th>Test</th><th># Passed</th><th># Skipped</th><th># Failed</th><th>Time (ms)</th><th>Included Groups</th><th>Excluded Groups</th></tr><tr><th colspan="7">Default suite</th></tr><tr><td><a href="#t0">Default test</a></td><td class="num">1</td><td class="num">0</td><td class="num attn">1</td><td class="num">69,468</td><td></td><td></td></tr></table><table><thead><tr><th>Class</th><th>Method</th><th>Start</th><th>Time (ms)</th></tr></thead><tbody><tr><th colspan="4">Default suite</th></tr></tbody><tbody id="t0"><tr><th colspan="4">Default test &#8212; failed</th></tr><tr class="failedeven"><td rowspan="1">cucumberOptions.TestRunner</td><td><a href="#m0">runScenario</a></td><td rowspan="1">1640539197685</td><td rowspan="1">36178</td></tr><tr><th colspan="4">Default test &#8212; passed</th></tr><tr class="passedeven"><td rowspan="1">cucumberOptions.TestRunner</td><td><a href="#m1">runScenario</a></td><td rowspan="1">1640539233866</td><td rowspan="1">33013</td></tr></tbody></table><h2>Default test</h2><h3 id="m0">cucumberOptions.TestRunner#runScenario</h3><table class="result"><tr class="param"><th>Parameter #1</th><th>Parameter #2</th></tr><tr class="param stripe"><td>&quot;Naukari update resume with delete&quot;</td><td>&quot;Naukari Application login&quot;</td></tr><tr><th colspan="2">Messages</th></tr><tr><td colspan="2"><div class="messages"><div "result">Initilize the browser with chrome (PASSED : 2s)</div><br/><div "result">User is on Naukari landing page &quot;https:&#x2F;&#x2F;www.naukri.com&#x2F;&quot; (PASSED : 12s)</div><br/><div "result">User login into application with &quot;naveenallu1729@gmail.com&quot; and &quot;n@v33n4848&quot; (PASSED : 0s)</div><br/><div "result">Home page is populated (PASSED : 10s)</div><br/><div "result">click on Update profile (PASSED : 0s)</div><br/><div "result">click on Delete resume (FAILED : 10s)</div><br/><div "result">click on logout (SKIPPED)</div></div></td></tr><tr><th colspan="2">Exception</th></tr><tr><td colspan="2"><div class="stacktrace">org.openqa.selenium.NoSuchElementException: no such element: Unable to locate element: {&quot;method&quot;:&quot;xpath&quot;,&quot;selector&quot;:&quot;//*[text()=&apos;DELETE RESUME&apos;]&quot;}
  (Session info: chrome=96.0.4664.110)
For documentation on this error, please visit: https://selenium.dev/exceptions/#no_such_element
Build info: version: &apos;4.0.0&apos;, revision: &apos;3a21814679&apos;
System info: host: &apos;DESKTOP-1LKOS4U&apos;, ip: &apos;192.168.100.8&apos;, os.name: &apos;Windows 10&apos;, os.arch: &apos;amd64&apos;, os.version: &apos;10.0&apos;, java.version: &apos;15.0.2&apos;
Driver info: org.openqa.selenium.chrome.ChromeDriver
Command: [9755b9f58d422011bef7db0270c561e6, findElement {using=xpath, value=//*[text()=&apos;DELETE RESUME&apos;]}]
Capabilities {acceptInsecureCerts: false, browserName: chrome, browserVersion: 96.0.4664.110, chrome: {chromedriverVersion: 96.0.4664.45 (76e4c1bb2ab46..., userDataDir: C:\Users\pc\AppData\Local\T...}, goog:chromeOptions: {debuggerAddress: localhost:56773}, javascriptEnabled: true, networkConnectionEnabled: false, pageLoadStrategy: normal, platform: WINDOWS, platformName: WINDOWS, proxy: Proxy(), se:cdp: ws://localhost:56773/devtoo..., se:cdpVersion: 96.0.4664.110, setWindowRect: true, strictFileInteractability: false, timeouts: {implicit: 0, pageLoad: 300000, script: 30000}, unhandledPromptBehavior: dismiss and notify, webauthn:extension:credBlob: true, webauthn:extension:largeBlob: true, webauthn:virtualAuthenticators: true}
Session ID: 9755b9f58d422011bef7db0270c561e6
	at java.base/jdk.internal.reflect.NativeConstructorAccessorImpl.newInstance0(Native Method)
	at java.base/jdk.internal.reflect.NativeConstructorAccessorImpl.newInstance(NativeConstructorAccessorImpl.java:64)
	at java.base/jdk.internal.reflect.DelegatingConstructorAccessorImpl.newInstance(DelegatingConstructorAccessorImpl.java:45)
	at java.base/java.lang.reflect.Constructor.newInstanceWithCaller(Constructor.java:500)
	at java.base/java.lang.reflect.Constructor.newInstance(Constructor.java:481)
	at org.openqa.selenium.remote.codec.w3c.W3CHttpResponseCodec.createException(W3CHttpResponseCodec.java:200)
	at org.openqa.selenium.remote.codec.w3c.W3CHttpResponseCodec.decode(W3CHttpResponseCodec.java:133)
	at org.openqa.selenium.remote.codec.w3c.W3CHttpResponseCodec.decode(W3CHttpResponseCodec.java:53)
	at org.openqa.selenium.remote.HttpCommandExecutor.execute(HttpCommandExecutor.java:184)
	at org.openqa.selenium.remote.service.DriverCommandExecutor.invokeExecute(DriverCommandExecutor.java:164)
	at org.openqa.selenium.remote.service.DriverCommandExecutor.execute(DriverCommandExecutor.java:139)
	at org.openqa.selenium.remote.RemoteWebDriver.execute(RemoteWebDriver.java:559)
	at org.openqa.selenium.remote.ElementLocation$ElementFinder$2.findElement(ElementLocation.java:162)
	at org.openqa.selenium.remote.ElementLocation.findElement(ElementLocation.java:60)
	at org.openqa.selenium.remote.RemoteWebDriver.findElement(RemoteWebDriver.java:383)
	at org.openqa.selenium.remote.RemoteWebDriver.findElement(RemoteWebDriver.java:375)
	at pageObjects.NaukariLocators.getDeleteResume(NaukariLocators.java:54)
	at stepDefinitions.Naukari.click_on_delete_resume(Naukari.java:109)
	at ?.click on Delete resume(src/test/java/features/naukariupdate.feature:9)
</div></td></tr></table><p class="totop"><a href="#summary">back to summary</a></p><h3 id="m1">cucumberOptions.TestRunner#runScenario</h3><table class="result"><tr class="param"><th>Parameter #1</th><th>Parameter #2</th></tr><tr class="param stripe"><td>&quot;Naukari update resume without delete home page&quot;</td><td>&quot;Naukari Application login&quot;</td></tr><tr><th colspan="2">Messages</th></tr><tr><td colspan="2"><div class="messages"><div "result">Initilize the browser with chrome (PASSED : 1s)</div><br/><div "result">User is on Naukari landing page &quot;https:&#x2F;&#x2F;www.naukri.com&#x2F;&quot; (PASSED : 13s)</div><br/><div "result">User login into application with &quot;naveenallu1729@gmail.com&quot; and &quot;n@v33n4848&quot; (PASSED : 0s)</div><br/><div "result">Home page is populated (PASSED : 10s)</div><br/><div "result">click on Update profile (PASSED : 0s)</div><br/><div "result">click on Upload resume (PASSED : 5s)</div><br/><div "result">Check for success message (PASSED : 0s)</div><br/><div "result">click on logout (PASSED : 0s)</div></div></td></tr></table><p class="totop"><a href="#summary">back to summary</a></p></body></html>